[ERROR][main] 2018-01-23 17:05:31 method:ZookeeperTest.testDiscover(ZookeeperTest.java:28)
test
[ERROR][main] 2018-01-23 17:31:51 method:ZookeeperTest.testDiscover(ZookeeperTest.java:28)
not has test
[ERROR][main] 2018-01-23 17:32:33 method:ZookeeperTest.testDiscover(ZookeeperTest.java:28)
not has test
[ERROR][main] 2018-01-23 17:39:49 method:com.cxt.registry.impl.ZookeeperRegistry.register(ZookeeperRegistry.java:38)
create zk node /registry/test/address-0000000006
[ERROR][main] 2018-01-23 17:40:15 method:com.cxt.registry.impl.ZookeeperRegistry.register(ZookeeperRegistry.java:38)
create zk node /registry/test/address-0000000008
